SF:lib\core\components\blocs\user\login\login_state.dart
DA:4,2
DA:6,1
DA:7,1
DA:17,2
LF:4
LH:4
end_of_record
SF:lib\core\components\blocs\user\login\login_event.dart
DA:4,2
DA:6,1
DA:7,1
DA:13,2
LF:4
LH:4
end_of_record
SF:lib\core\components\blocs\user\login\login_bloc.dart
DA:53,3
DA:54,2
DA:55,2
DA:58,3
DA:60,2
DA:61,2
DA:62,3
DA:63,1
DA:64,2
DA:65,2
DA:66,2
LF:11
LH:11
end_of_record
SF:lib\core\components\data\models\request\login_body.dart
DA:11,5
DA:12,5
DA:14,2
LF:3
LH:3
end_of_record
SF:lib\core\components\data\models\request\login_body.g.dart
DA:9,2
DA:10,1
DA:11,1
DA:12,1
DA:13,1
DA:14,1
LF:6
LH:6
end_of_record
SF:lib\core\components\data\models\response\user_model.dart
DA:26,4
DA:41,4
DA:57,1
DA:58,1
LF:4
LH:4
end_of_record
SF:lib\core\components\data\models\response\user_model.g.dart
DA:9,1
DA:10,1
DA:11,1
DA:12,1
DA:13,1
DA:14,1
DA:15,1
DA:16,1
DA:17,1
DA:18,1
DA:19,1
DA:20,1
DA:21,1
DA:22,1
DA:23,1
DA:24,1
LF:16
LH:16
end_of_record
SF:lib\core\components\domains\entities\response\login_model_entity.dart
DA:9,4
DA:10,3
DA:11,9
DA:19,4
DA:21,3
DA:22,12
LF:6
LH:6
end_of_record
SF:lib\core\components\domains\usecases\login_usecase.dart
DA:11,1
DA:13,1
DA:15,2
LF:3
LH:3
end_of_record
SF:lib\core\di\injection_container.dart
DA:13,3
DA:15,1
DA:17,2
DA:21,2
DA:25,3
DA:29,2
DA:30,2
DA:40,2
DA:41,2
DA:46,2
DA:47,0
DA:48,0
DA:51,2
DA:55,2
DA:67,2
LF:15
LH:13
end_of_record
SF:lib\core\exceptions\failure.dart
DA:6,6
DA:8,0
DA:9,0
DA:15,2
DA:17,1
DA:18,2
DA:24,0
DA:30,0
DA:32,0
DA:33,0
DA:39,0
DA:41,0
DA:42,0
LF:13
LH:4
end_of_record
SF:lib\core\components\data\models\response\login_model.dart
DA:14,2
DA:16,1
DA:17,1
DA:27,1
DA:28,1
DA:30,1
DA:31,1
LF:7
LH:7
end_of_record
SF:lib\core\components\data\models\response\login_model.g.dart
DA:9,1
DA:10,1
DA:11,1
DA:13,2
DA:14,1
DA:16,2
DA:20,1
DA:21,1
DA:22,1
DA:23,1
DA:24,1
DA:26,2
LF:12
LH:12
end_of_record
SF:lib\core\components\data\models\response\meta_model.dart
DA:12,1
DA:13,1
DA:15,1
DA:16,1
LF:4
LH:4
end_of_record
SF:lib\core\components\data\models\response\meta_model.g.dart
DA:9,1
DA:10,1
DA:11,1
DA:12,1
DA:13,1
LF:5
LH:5
end_of_record
SF:lib\core\components\domains\entities\response\meta_model_entity.dart
DA:8,1
DA:9,1
DA:10,4
LF:3
LH:3
end_of_record
SF:lib\core\components\domains\entities\response\user_model_entity.dart
DA:19,4
DA:34,3
DA:35,3
DA:36,3
DA:37,3
DA:38,3
DA:39,3
DA:40,3
DA:41,3
DA:42,3
DA:43,3
DA:44,3
DA:45,3
DA:46,3
DA:47,3
DA:48,3
DA:49,3
LF:17
LH:17
end_of_record
SF:lib\core\storage\local_storage.dart
DA:8,1
DA:9,2
DA:10,1
DA:13,0
DA:15,0
DA:17,0
DA:18,0
DA:20,0
DA:22,0
DA:24,0
DA:26,1
DA:27,1
DA:29,0
DA:31,0
DA:32,0
DA:34,0
DA:36,0
DA:38,0
DA:40,0
LF:19
LH:5
end_of_record
SF:lib\core\components\data\datasources\binding\binding_local.dart
DA:9,0
DA:11,0
DA:13,0
LF:3
LH:0
end_of_record
SF:lib\core\components\data\datasources\binding\binding_remote.dart
DA:13,0
DA:18,0
DA:20,0
DA:22,0
LF:4
LH:0
end_of_record
SF:lib\core\components\data\datasources\common\base_datasource_factory.dart
DA:5,5
LF:1
LH:1
end_of_record
SF:lib\core\components\data\datasources\common\datasource_factory.dart
DA:9,1
DA:18,1
DA:21,1
DA:22,0
DA:23,1
DA:24,1
DA:26,0
DA:27,0
LF:8
LH:5
end_of_record
SF:lib\core\components\domains\entities\request\login_body_entity.dart
DA:7,5
DA:9,1
DA:10,3
LF:3
LH:3
end_of_record
SF:lib\core\components\data\repositories\user_repository_impl.dart
DA:12,1
DA:14,1
DA:16,1
DA:17,1
DA:18,1
DA:19,3
LF:6
LH:6
end_of_record
SF:lib\core\interactor\usecase.dart
DA:11,1
DA:12,2
DA:14,0
DA:16,0
DA:17,0
DA:19,0
DA:21,0
DA:22,0
DA:25,0
DA:27,0
DA:33,0
DA:34,0
LF:12
LH:2
end_of_record
SF:lib\core\network\http_client.dart
DA:14,0
DA:16,0
DA:18,0
DA:19,0
DA:20,0
DA:24,0
DA:26,0
DA:28,0
DA:36,0
DA:37,0
DA:38,0
DA:40,0
DA:41,0
DA:42,0
DA:43,0
DA:44,0
DA:45,0
DA:46,0
DA:49,0
DA:50,0
DA:51,0
DA:55,0
DA:57,0
DA:59,0
DA:62,0
DA:67,0
DA:69,0
DA:70,0
DA:72,0
DA:74,0
DA:77,0
DA:78,0
DA:80,0
LF:33
LH:0
end_of_record
SF:lib\env\config.dart
DA:4,0
DA:36,0
DA:52,0
LF:3
LH:0
end_of_record
SF:lib\app\screens\login\view\login_view.dart
DA:15,2
DA:19,1
DA:20,1
DA:29,1
DA:30,1
DA:31,5
DA:32,3
DA:33,3
DA:38,1
DA:40,1
DA:41,3
DA:42,2
DA:43,1
DA:44,3
DA:48,1
DA:49,2
DA:51,1
DA:52,1
DA:53,0
DA:54,1
DA:55,1
DA:56,1
DA:57,1
DA:58,1
DA:59,1
DA:64,1
DA:65,1
DA:67,1
DA:68,2
DA:69,1
DA:70,1
DA:73,1
DA:74,1
DA:75,1
DA:78,1
DA:80,1
DA:81,1
DA:84,1
DA:85,1
DA:86,0
DA:87,0
DA:88,0
DA:91,2
DA:94,1
DA:96,1
DA:97,1
DA:99,1
DA:104,1
DA:105,1
DA:106,0
DA:121,1
DA:122,1
DA:124,2
DA:126,1
LF:54
LH:49
end_of_record
SF:lib\app\widgets\loader\loader_widget.dart
DA:9,1
DA:13,1
DA:15,1
DA:17,2
DA:18,1
DA:19,1
DA:21,1
DA:22,1
DA:23,1
DA:24,1
DA:25,1
DA:30,1
DA:31,1
DA:32,1
DA:34,1
DA:36,1
DA:37,1
DA:43,1
DA:44,1
DA:46,4
LF:20
LH:20
end_of_record
SF:lib\app\screens\home\home_screen.dart
DA:7,0
DA:9,0
DA:10,0
DA:18,0
DA:20,0
DA:21,0
DA:24,0
DA:26,0
DA:27,0
DA:28,0
DA:31,0
DA:32,0
DA:33,0
LF:13
LH:0
end_of_record
SF:lib\app\widgets\appbar\appbar_widget.dart
DA:5,1
DA:10,1
DA:16,1
DA:18,1
DA:19,3
DA:21,1
DA:22,3
DA:23,1
DA:24,1
DA:27,1
DA:28,1
DA:29,0
DA:30,0
DA:31,0
DA:33,1
DA:34,1
DA:36,1
DA:37,1
DA:38,1
DA:39,1
DA:40,1
DA:41,1
DA:42,1
DA:44,5
LF:24
LH:21
end_of_record
SF:lib\app\widgets\button\button_widget.dart
DA:4,1
DA:12,1
DA:21,1
DA:23,1
DA:24,1
DA:25,1
DA:27,2
DA:28,3
DA:29,1
DA:30,1
DA:31,1
DA:32,5
LF:12
LH:12
end_of_record
SF:lib\app\widgets\textfield\textfield_widget.dart
DA:4,1
DA:14,1
DA:25,1
DA:27,1
DA:29,1
DA:30,2
DA:32,4
DA:33,1
DA:34,1
DA:35,1
DA:36,1
DA:37,3
DA:38,1
DA:39,1
DA:40,1
DA:41,1
DA:42,1
DA:43,1
DA:45,3
DA:46,1
DA:48,3
DA:49,1
DA:50,1
DA:51,1
DA:52,1
DA:53,1
LF:26
LH:26
end_of_record
SF:lib\app\widgets\loader\loader_colors.dart
DA:9,1
DA:15,1
DA:16,1
DA:28,1
DA:30,1
DA:32,2
DA:35,2
DA:38,2
DA:41,4
DA:42,2
DA:44,5
DA:45,2
DA:47,4
DA:48,1
DA:49,1
DA:51,2
DA:52,2
DA:53,2
DA:56,1
DA:58,1
DA:59,1
DA:60,1
DA:61,1
DA:62,1
DA:63,1
DA:64,3
DA:65,1
DA:71,1
DA:72,1
DA:73,1
DA:74,3
DA:75,1
DA:81,1
DA:82,1
DA:83,1
DA:84,3
DA:85,1
DA:96,1
DA:98,2
DA:99,2
DA:100,2
DA:101,1
DA:108,1
DA:110,1
DA:112,1
DA:113,2
DA:114,1
DA:115,1
DA:116,1
DA:118,3
DA:120,2
DA:121,3
DA:122,3
DA:125,0
DA:134,1
DA:136,1
DA:138,1
DA:139,2
DA:140,1
DA:141,1
DA:142,1
DA:144,1
DA:145,4
DA:146,4
DA:147,4
DA:148,4
DA:150,2
DA:151,3
DA:152,3
DA:155,0
DA:164,1
DA:166,1
DA:168,1
DA:169,2
DA:170,1
DA:171,1
DA:172,1
DA:174,1
DA:175,4
DA:176,4
DA:177,4
DA:178,4
DA:180,2
DA:181,3
DA:184,0
LF:85
LH:82
end_of_record
