SF:lib\core\components\data\models\response\login_model.dart
DA:14,2
DA:16,1
DA:17,1
DA:27,1
DA:28,1
DA:30,1
DA:31,1
LF:7
LH:7
end_of_record
SF:lib\core\components\data\models\response\login_model.g.dart
DA:9,1
DA:10,1
DA:11,1
DA:13,2
DA:14,1
DA:16,2
DA:20,1
DA:21,1
DA:22,1
DA:23,1
DA:24,1
DA:26,2
LF:12
LH:12
end_of_record
SF:lib\core\components\data\models\response\meta_model.dart
DA:12,1
DA:13,1
DA:15,1
DA:16,1
LF:4
LH:4
end_of_record
SF:lib\core\components\data\models\response\meta_model.g.dart
DA:9,1
DA:10,1
DA:11,1
DA:12,1
DA:13,1
LF:5
LH:5
end_of_record
SF:lib\core\components\data\models\response\user_model.g.dart
DA:9,1
DA:10,1
DA:11,1
DA:12,1
DA:13,1
DA:14,1
DA:15,1
DA:16,1
DA:17,1
DA:18,1
DA:19,1
DA:20,1
DA:21,1
DA:22,1
DA:23,1
DA:24,1
LF:16
LH:16
end_of_record
SF:lib\core\components\data\models\response\user_model.dart
DA:26,1
DA:41,1
DA:57,1
DA:58,1
LF:4
LH:4
end_of_record
SF:lib\core\components\domains\entities\response\login_model_entity.dart
DA:9,1
DA:10,1
DA:11,3
DA:19,1
DA:21,1
DA:22,4
LF:6
LH:6
end_of_record
SF:lib\core\components\domains\entities\response\meta_model_entity.dart
DA:8,1
DA:9,1
DA:10,4
LF:3
LH:3
end_of_record
SF:lib\core\components\domains\entities\response\user_model_entity.dart
DA:19,1
DA:34,1
DA:35,1
DA:36,1
DA:37,1
DA:38,1
DA:39,1
DA:40,1
DA:41,1
DA:42,1
DA:43,1
DA:44,1
DA:45,1
DA:46,1
DA:47,1
DA:48,1
DA:49,1
LF:17
LH:17
end_of_record
